
> gusmp-attendance@1.0.0 dev
> next dev

   ▲ Next.js 15.5.19
   - Local:        http://localhost:3000
   - Network:      http://192.168.0.2:3000

 ✓ Starting...
 ✓ Ready in 2.1s
 ○ Compiling /middleware ...
 ✓ Compiled /middleware in 1400ms (174 modules)
 ⨯ Error: Your project's URL and Key are required to create a Supabase client!

Check your Supabase project's API settings to find these values

https://supabase.com/dashboard/project/_/settings/api
    at <unknown> (https://supabase.com/dashboard/project/_/settings/api)
    at <unknown> (https://supabase.com/dashboard/project/_/settings/api)
    at createClient (lib/supabase/server.ts:7:28)
    at async middleware (middleware.ts:11:20)
   5 |   const cookieStore = await cookies();
   6 |
>  7 |   return createServerClient(
     |                            ^
   8 |     process.env.NEXT_PUBLIC_SUPABASE_URL!,
   9 |     process.env.NEXT_PUBLIC_SUPABASE_ANON_KEY!,
  10 |     {
 ○ Compiling /_error ...
<w> [webpack.cache.PackFileCacheStrategy] Serializing big strings (102kiB) impacts deserialization performance (consider using Buffer instead and decode when needed)
<w> [webpack.cache.PackFileCacheStrategy] Serializing big strings (250kiB) impacts deserialization performance (consider using Buffer instead and decode when needed)
 ✓ Compiled /_error in 2.4s (377 modules)
 GET /dashboard 404 in 11ms
 ○ Compiling /_not-found ...
 ⚠ Fast Refresh had to perform a full reload due to a runtime error.
 ⨯ Error: Your project's URL and Key are required to create a Supabase client!

Check your Supabase project's API settings to find these values

https://supabase.com/dashboard/project/_/settings/api
    at <unknown> (https://supabase.com/dashboard/project/_/settings/api)
    at <unknown> (https://supabase.com/dashboard/project/_/settings/api)
    at createClient (lib/supabase/server.ts:7:28)
    at async middleware (middleware.ts:11:20)
   5 |   const cookieStore = await cookies();
   6 |
>  7 |   return createServerClient(
     |                            ^
   8 |     process.env.NEXT_PUBLIC_SUPABASE_URL!,
   9 |     process.env.NEXT_PUBLIC_SUPABASE_ANON_KEY!,
  10 |     {
 ✓ Compiled /_not-found in 11.8s (988 modules)
 ⚠ Fast Refresh had to perform a full reload due to a runtime error.
 ⨯ Error: Your project's URL and Key are required to create a Supabase client!

Check your Supabase project's API settings to find these values

https://supabase.com/dashboard/project/_/settings/api
    at <unknown> (https://supabase.com/dashboard/project/_/settings/api)
    at <unknown> (https://supabase.com/dashboard/project/_/settings/api)
    at createClient (lib/supabase/server.ts:7:28)
    at async middleware (middleware.ts:11:20)
   5 |   const cookieStore = await cookies();
   6 |
>  7 |   return createServerClient(
     |                            ^
   8 |     process.env.NEXT_PUBLIC_SUPABASE_URL!,
   9 |     process.env.NEXT_PUBLIC_SUPABASE_ANON_KEY!,
  10 |     {
 ⨯ Error: Your project's URL and Key are required to create a Supabase client!

Check your Supabase project's API settings to find these values

https://supabase.com/dashboard/project/_/settings/api
    at <unknown> (https://supabase.com/dashboard/project/_/settings/api)
    at <unknown> (https://supabase.com/dashboard/project/_/settings/api)
    at createClient (lib/supabase/server.ts:7:28)
    at async middleware (middleware.ts:11:20)
   5 |   const cookieStore = await cookies();
   6 |
>  7 |   return createServerClient(
     |                            ^
   8 |     process.env.NEXT_PUBLIC_SUPABASE_URL!,
   9 |     process.env.NEXT_PUBLIC_SUPABASE_ANON_KEY!,
  10 |     {
 GET /dashboard 404 in 3ms
   Reload env: .env.local


Retrying 1/3...
 ✓ Compiled in 5.6s (1171 modules)
 ○ Compiling /login ...
 ✓ Compiled /login in 3.9s (1332 modules)
 GET /login 200 in 4831ms
 ○ Compiling /_not-found ...
 ✓ Compiled /_not-found in 594ms (1337 modules)
 GET /grid.svg 404 in 1180ms
 ✓ Compiled in 432ms (634 modules)
 ✓ Compiled in 1502ms (1511 modules)
 ○ Compiling /test-how-to-use ...
 ✓ Compiled /test-how-to-use in 4.2s (2179 modules)
 GET /test-how-to-use 200 in 4916ms
<w> [webpack.cache.PackFileCacheStrategy] Serializing big strings (102kiB) impacts deserialization performance (consider using Buffer instead and decode when needed)
<w> [webpack.cache.PackFileCacheStrategy] Serializing big strings (250kiB) impacts deserialization performance (consider using Buffer instead and decode when needed)
 GET /test-how-to-use 200 in 183ms
 ✓ Compiled in 1299ms (912 modules)
